<?xml version="1.0" encoding="UTF-8"?>
<!-- Generated by org.testng.reporters.JUnitReportReporter -->
<testsuite skipped="0" hostname="DESKTOP-NMGB7R5" name="com.demo.testcases.TestCase2" tests="2" failures="0" timestamp="2022-04-09T16:19:33 GST" time="13.247" errors="0">
  <testcase name="doVerifyTitle" time="5.000" classname="com.demo.testcases.TestCase2"/>
  <system-out/>
  <testcase name="doVerifyURL" time="8.247" classname="com.demo.testcases.TestCase2"/>
  <system-out/>
</testsuite> <!-- com.demo.testcases.TestCase2 -->
