<?xml version="1.0" encoding="UTF-8"?>
<!-- Generated by org.testng.reporters.JUnitReportReporter -->
<testsuite skipped="0" hostname="DESKTOP-NMGB7R5" name="com.demo.testbase.BaseTest" tests="1" failures="0" timestamp="2022-04-09T15:03:33 GST" time="6.038" errors="0">
  <testcase name="doTest" time="6.038" classname="com.demo.testbase.BaseTest"/>
  <system-out/>
</testsuite> <!-- com.demo.testbase.BaseTest -->
