<?xml version="1.0" encoding="UTF-8"?>
<!-- Generated by org.testng.reporters.JUnitReportReporter -->
<testsuite skipped="0" hostname="DESKTOP-NMGB7R5" name="com.demo.testcases.TestCase2$TestCase1" tests="2" failures="0" timestamp="2022-04-09T21:27:25 GST" time="26.179" errors="0">
  <testcase name="doVerifyTitle" time="14.275" classname="com.demo.testcases.TestCase2$TestCase1"/>
  <system-out/>
  <testcase name="doVerifyURL" time="11.904" classname="com.demo.testcases.TestCase2$TestCase1"/>
  <system-out/>
</testsuite> <!-- com.demo.testcases.TestCase2$TestCase1 -->
