<?xml version="1.0" encoding="UTF-8"?>
<!-- Generated by org.testng.reporters.JUnitReportReporter -->
<testsuite skipped="0" hostname="DESKTOP-NMGB7R5" name="com.demo.testcases.TestCase1" tests="2" failures="0" timestamp="2022-04-09T21:27:25 GST" time="20.882" errors="0">
  <testcase name="doVerifyURL" time="10.081" classname="com.demo.testcases.TestCase1"/>
  <system-out/>
  <testcase name="doVerifyTitle" time="10.801" classname="com.demo.testcases.TestCase1"/>
  <system-out/>
</testsuite> <!-- com.demo.testcases.TestCase1 -->
