<?xml version="1.0" encoding="UTF-8"?>
<!-- Generated by org.testng.reporters.JUnitReportReporter -->
<testsuite skipped="0" hostname="DESKTOP-NMGB7R5" name="com.demo.testcases.TestCase1" tests="2" failures="0" timestamp="2022-04-09T21:57:23 GST" time="22.717" errors="0">
  <testcase name="doVerifyURL" time="11.816" classname="com.demo.testcases.TestCase1"/>
  <system-out/>
  <testcase name="doVerifyTitle" time="10.901" classname="com.demo.testcases.TestCase1"/>
  <system-out/>
</testsuite> <!-- com.demo.testcases.TestCase1 -->
